<?xml version='1.0'?>
<ns2:test-suite xmlns:ns2='urn:model.allure.qatools.yandex.ru' start='1666086182650' stop='1666086194410'>
    <name>Zoo mgmt App</name>
    <title>Zoo mgmt App</title>
    <test-cases>
        <test-case start='1666086182650' status='passed' stop='1666086185434'>
            <name>login thru jason-reg</name>
            <title>login thru jason-reg</title>
            <labels>
                <label name='language' value='javascript'/>
                <label name='framework' value='wdio'/>
                <label name='thread' value='0-0'/>
            </labels>
            <parameters>
                <parameter kind='argument' name='browser' value='chrome-106.0.5249.119'/>
            </parameters>
            <steps/>
            <attachments/>
        </test-case>
        <test-case start='1666086185435' status='passed' stop='1666086187256'>
            <name>fetching thru jason-reg</name>
            <title>fetching thru jason-reg</title>
            <labels>
                <label name='language' value='javascript'/>
                <label name='framework' value='wdio'/>
                <label name='thread' value='0-0'/>
            </labels>
            <parameters>
                <parameter kind='argument' name='browser' value='chrome-106.0.5249.119'/>
            </parameters>
            <steps/>
            <attachments/>
        </test-case>
        <test-case start='1666086187257' status='passed' stop='1666086189023'>
            <name>click normal tickets</name>
            <title>click normal tickets</title>
            <labels>
                <label name='language' value='javascript'/>
                <label name='framework' value='wdio'/>
                <label name='thread' value='0-0'/>
            </labels>
            <parameters>
                <parameter kind='argument' name='browser' value='chrome-106.0.5249.119'/>
            </parameters>
            <steps/>
            <attachments/>
        </test-case>
        <test-case start='1666086189023' status='passed' stop='1666086190202'>
            <name>fetching visitor details thru json</name>
            <title>fetching visitor details thru json</title>
            <labels>
                <label name='language' value='javascript'/>
                <label name='framework' value='wdio'/>
                <label name='thread' value='0-0'/>
            </labels>
            <parameters>
                <parameter kind='argument' name='browser' value='chrome-106.0.5249.119'/>
            </parameters>
            <steps/>
            <attachments/>
        </test-case>
        <test-case start='1666086190204' status='pending' stop='1666086190204'>
            <name>fetching data frm excel</name>
            <title>fetching data frm excel</title>
            <labels/>
            <parameters/>
            <steps/>
            <attachments/>
            <failure>
                <message>Test ignored</message>
                <stack-trace>undefined</stack-trace>
            </failure>
        </test-case>
        <test-case start='1666086190205' status='broken' stop='1666086193551'>
            <name>generate normal tickets</name>
            <title>generate normal tickets</title>
            <labels>
                <label name='language' value='javascript'/>
                <label name='framework' value='wdio'/>
                <label name='thread' value='0-0'/>
            </labels>
            <parameters>
                <parameter kind='argument' name='browser' value='chrome-106.0.5249.119'/>
            </parameters>
            <steps/>
            <attachments>
                <attachment title='Screenshot' source='a5c04a97-cc8e-4aea-8093-0ca41ca57ffe-attachment.png' type='image/png' size='52503'/>
            </attachments>
            <failure>
                <message>no such alert
                  (Session info: chrome=106.0.5249.119)</message>
                <stack-trace>no such alert: no such alert
                  (Session info: chrome=106.0.5249.119)
                    at getErrorFromResponseBody (C:\Users\BHARATI\OneDrive\Desktop\WEBDRIVERIO\node_modules\webdriver\build\utils.js:198:12)
                    at NodeJSRequest._request (C:\Users\BHARATI\OneDrive\Desktop\WEBDRIVERIO\node_modules\webdriver\build\request\index.js:166:60)
                    at processTicksAndRejections (node:internal/process/task_queues:96:5)
                    at async Browser.wrapCommandFn (C:\Users\BHARATI\OneDrive\Desktop\WEBDRIVERIO\node_modules\@wdio\utils\build\shim.js:137:29)
                    at async Context.&lt;anonymous> (C:\Users\BHARATI\OneDrive\Desktop\WEBDRIVERIO\test\specs\AddnormalTicket.js:68:9)</stack-trace>
            </failure>
        </test-case>
        <test-case start='1666086193551' status='passed' stop='1666086194409'>
            <name>logout</name>
            <title>logout</title>
            <labels>
                <label name='language' value='javascript'/>
                <label name='framework' value='wdio'/>
                <label name='thread' value='0-0'/>
            </labels>
            <parameters>
                <parameter kind='argument' name='browser' value='chrome-106.0.5249.119'/>
            </parameters>
            <steps/>
            <attachments/>
        </test-case>
    </test-cases>
</ns2:test-suite>