<?xml version='1.0'?>
<ns2:test-suite xmlns:ns2='urn:model.allure.qatools.yandex.ru' start='1666078493030' stop='1666078499278'>
    <name>Zoo mgmt App</name>
    <title>Zoo mgmt App</title>
    <test-cases>
        <test-case start='1666078493031' status='passed' stop='1666078496612'>
            <name>login thru jason-reg</name>
            <title>login thru jason-reg</title>
            <labels>
                <label name='language' value='javascript'/>
                <label name='framework' value='wdio'/>
                <label name='thread' value='0-0'/>
            </labels>
            <parameters>
                <parameter kind='argument' name='browser' value='chrome-106.0.5249.119'/>
            </parameters>
            <steps/>
            <attachments/>
        </test-case>
        <test-case start='1666078496613' status='passed' stop='1666078498852'>
            <name>fetching thru jason-reg</name>
            <title>fetching thru jason-reg</title>
            <labels>
                <label name='language' value='javascript'/>
                <label name='framework' value='wdio'/>
                <label name='thread' value='0-0'/>
            </labels>
            <parameters>
                <parameter kind='argument' name='browser' value='chrome-106.0.5249.119'/>
            </parameters>
            <steps/>
            <attachments/>
        </test-case>
        <test-case start='1666078498853' status='broken' stop='1666078499275'>
            <name>fetching data frm excel</name>
            <title>fetching data frm excel</title>
            <labels>
                <label name='language' value='javascript'/>
                <label name='framework' value='wdio'/>
                <label name='thread' value='0-0'/>
            </labels>
            <parameters>
                <parameter kind='argument' name='browser' value='chrome-106.0.5249.119'/>
            </parameters>
            <steps/>
            <attachments>
                <attachment title='Screenshot' source='75ef0891-6434-4aea-834d-9155a6a9091e-attachment.png' type='image/png' size='52070'/>
            </attachments>
            <failure>
                <message>Cannot read properties of undefined (reading 'setValue')</message>
                <stack-trace>TypeError: Cannot read properties of undefined (reading 'setValue')
                    at Context.&lt;anonymous> (C:\Users\BHARATI\OneDrive\Desktop\WEBDRIVERIO\test\specs\AddnormalTicket.js:39:39)
                    at Context.executeAsync (C:\Users\BHARATI\OneDrive\Desktop\WEBDRIVERIO\node_modules\@wdio\utils\build\shim.js:333:27)
                    at Context.testFrameworkFnWrapper (C:\Users\BHARATI\OneDrive\Desktop\WEBDRIVERIO\node_modules\@wdio\utils\build\test-framework\testFnWrapper.js:51:32)</stack-trace>
            </failure>
        </test-case>
        <test-case start='1666078499276' status='pending' stop='1666078499276'>
            <name>generate normal tickets</name>
            <title>generate normal tickets</title>
            <labels/>
            <parameters/>
            <steps/>
            <attachments/>
            <failure>
                <message>Test ignored</message>
                <stack-trace>undefined</stack-trace>
            </failure>
        </test-case>
    </test-cases>
</ns2:test-suite>