<?xml version='1.0'?>
<ns2:test-suite xmlns:ns2='urn:model.allure.qatools.yandex.ru' start='1666091618226' stop='1666091627171'>
    <name>Zoo mgmt App</name>
    <title>Zoo mgmt App</title>
    <test-cases>
        <test-case start='1666091618227' status='passed' stop='1666091621336'>
            <name>login thru jason-reg</name>
            <title>login thru jason-reg</title>
            <labels>
                <label name='language' value='javascript'/>
                <label name='framework' value='wdio'/>
                <label name='thread' value='0-0'/>
            </labels>
            <parameters>
                <parameter kind='argument' name='browser' value='chrome-106.0.5249.119'/>
            </parameters>
            <steps/>
            <attachments/>
        </test-case>
        <test-case start='1666091621337' status='passed' stop='1666091623127'>
            <name>fetching thru jason-reg</name>
            <title>fetching thru jason-reg</title>
            <labels>
                <label name='language' value='javascript'/>
                <label name='framework' value='wdio'/>
                <label name='thread' value='0-0'/>
            </labels>
            <parameters>
                <parameter kind='argument' name='browser' value='chrome-106.0.5249.119'/>
            </parameters>
            <steps/>
            <attachments/>
        </test-case>
        <test-case start='1666091623128' status='passed' stop='1666091624588'>
            <name>click normal tickets</name>
            <title>click normal tickets</title>
            <labels>
                <label name='language' value='javascript'/>
                <label name='framework' value='wdio'/>
                <label name='thread' value='0-0'/>
            </labels>
            <parameters>
                <parameter kind='argument' name='browser' value='chrome-106.0.5249.119'/>
            </parameters>
            <steps/>
            <attachments/>
        </test-case>
        <test-case start='1666091624588' status='passed' stop='1666091625787'>
            <name>fetching visitor details thru json</name>
            <title>fetching visitor details thru json</title>
            <labels>
                <label name='language' value='javascript'/>
                <label name='framework' value='wdio'/>
                <label name='thread' value='0-0'/>
            </labels>
            <parameters>
                <parameter kind='argument' name='browser' value='chrome-106.0.5249.119'/>
            </parameters>
            <steps/>
            <attachments/>
        </test-case>
        <test-case start='1666091625787' status='broken' stop='1666091626102'>
            <name>switch to alert</name>
            <title>switch to alert</title>
            <labels>
                <label name='language' value='javascript'/>
                <label name='framework' value='wdio'/>
                <label name='thread' value='0-0'/>
            </labels>
            <parameters>
                <parameter kind='argument' name='browser' value='chrome-106.0.5249.119'/>
            </parameters>
            <steps/>
            <attachments>
                <attachment title='Screenshot' source='dd53be80-c26e-45ca-b520-a445efb79d2d-attachment.png' type='image/png' size='44704'/>
            </attachments>
            <failure>
                <message>no such alert
                  (Session info: chrome=106.0.5249.119)</message>
                <stack-trace>no such alert: no such alert
                  (Session info: chrome=106.0.5249.119)
                    at getErrorFromResponseBody (C:\Users\BHARATI\OneDrive\Desktop\WEBDRIVERIO\node_modules\webdriver\build\utils.js:198:12)
                    at NodeJSRequest._request (C:\Users\BHARATI\OneDrive\Desktop\WEBDRIVERIO\node_modules\webdriver\build\request\index.js:166:60)
                    at processTicksAndRejections (node:internal/process/task_queues:96:5)
                    at async Browser.wrapCommandFn (C:\Users\BHARATI\OneDrive\Desktop\WEBDRIVERIO\node_modules\@wdio\utils\build\shim.js:137:29)
                    at async Context.&lt;anonymous> (C:\Users\BHARATI\OneDrive\Desktop\WEBDRIVERIO\test\specs\AddnormalTicket.js:54:9)</stack-trace>
            </failure>
        </test-case>
        <test-case start='1666091626103' status='pending' stop='1666091626103'>
            <name>fetching data frm excel</name>
            <title>fetching data frm excel</title>
            <labels/>
            <parameters/>
            <steps/>
            <attachments/>
            <failure>
                <message>Test ignored</message>
                <stack-trace>undefined</stack-trace>
            </failure>
        </test-case>
        <test-case start='1666091626104' status='pending' stop='1666091626104'>
            <name>generate normal tickets</name>
            <title>generate normal tickets</title>
            <labels/>
            <parameters/>
            <steps/>
            <attachments/>
            <failure>
                <message>Test ignored</message>
                <stack-trace>undefined</stack-trace>
            </failure>
        </test-case>
        <test-case start='1666091626104' status='passed' stop='1666091627169'>
            <name>logout</name>
            <title>logout</title>
            <labels>
                <label name='language' value='javascript'/>
                <label name='framework' value='wdio'/>
                <label name='thread' value='0-0'/>
            </labels>
            <parameters>
                <parameter kind='argument' name='browser' value='chrome-106.0.5249.119'/>
            </parameters>
            <steps/>
            <attachments/>
        </test-case>
    </test-cases>
</ns2:test-suite>